[02:47:55] [main/INFO]: Loading tweak class name com.mumfrey.liteloader.launch.LiteLoaderTweaker
[02:47:55] [main/INFO]: Using primary tweak class name com.mumfrey.liteloader.launch.LiteLoaderTweaker
[02:47:55] [main/INFO]: Loading tweak class name cpw.mods.fml.common.launcher.FMLTweaker
[02:47:55] [main/INFO]: Loading tweak class name me.guichaguri.betterfps.tweaker.BetterFpsTweaker
[02:47:55] [main/INFO]: Calling tweak class com.mumfrey.liteloader.launch.LiteLoaderTweaker
[02:47:55] [main/INFO]: Bootstrapping LiteLoader 1.7.10
[02:47:55] [main/INFO]: Registering API provider class com.mumfrey.liteloader.client.api.LiteLoaderCoreAPIClient
[02:47:55] [main/INFO]: Spawning API provider class 'com.mumfrey.liteloader.client.api.LiteLoaderCoreAPIClient' ...
[02:47:55] [main/INFO]: API provider class 'com.mumfrey.liteloader.client.api.LiteLoaderCoreAPIClient' provides API 'liteloader'
[02:47:55] [main/INFO]: Initialising API 'liteloader' ...
[02:47:55] [main/INFO]: LiteLoader begin PREINIT...
[02:47:55] [main/INFO]: Initialising Loader properties...
[02:47:55] [main/INFO]: Setting up logger...
[02:47:55] [main/INFO]: LiteLoader 1.7.10_04 starting up...
[02:47:55] [main/INFO]: Java reports OS="windows 10"
[02:47:55] [main/INFO]: Enumerating class path...
[02:47:55] [main/INFO]: Class path separator=";"
[02:47:55] [main/INFO]: Class path entries=(
   classpathEntry=C:\Users\psyoo\AppData\Roaming\Luos\libraries\betterfps\BetterFps\1.0.1\BetterFps-1.0.1.jar
   classpathEntry=C:\Users\psyoo\AppData\Roaming\Luos\libraries\org\ow2\asm\asm-all\5.0.3\asm-all-5.0.3.jar
   classpathEntry=C:\Users\psyoo\AppData\Roaming\Luos\libraries\net\minecraft\launchwrapper\1.11\launchwrapper-1.11.jar
   classpathEntry=C:\Users\psyoo\AppData\Roaming\Luos\libraries\com\mumfrey\liteloader\1.7.10\liteloader-1.7.10.jar
   classpathEntry=C:\Users\psyoo\AppData\Roaming\Luos\libraries\com\google\guava\guava\16.0\guava-16.0.jar
   classpathEntry=C:\Users\psyoo\AppData\Roaming\Luos\libraries\net\minecraftforge\forge\1.7.10-10.13.4.1614-1.7.10\forge-1.7.10-10.13.4.1614-1.7.10.jar
   classpathEntry=C:\Users\psyoo\AppData\Roaming\Luos\libraries\net\minecraft\launchwrapper\1.12\launchwrapper-1.12.jar
   classpathEntry=C:\Users\psyoo\AppData\Roaming\Luos\libraries\org\ow2\asm\asm-all\5.0.3\asm-all-5.0.3.jar
   classpathEntry=C:\Users\psyoo\AppData\Roaming\Luos\libraries\com\typesafe\akka\akka-actor_2.11\2.3.3\akka-actor_2.11-2.3.3.jar
   classpathEntry=C:\Users\psyoo\AppData\Roaming\Luos\libraries\com\typesafe\config\1.2.1\config-1.2.1.jar
   classpathEntry=C:\Users\psyoo\AppData\Roaming\Luos\libraries\org\scala-lang\scala-actors-migration_2.11\1.1.0\scala-actors-migration_2.11-1.1.0.jar
   classpathEntry=C:\Users\psyoo\AppData\Roaming\Luos\libraries\org\scala-lang\scala-compiler\2.11.1\scala-compiler-2.11.1.jar
   classpathEntry=C:\Users\psyoo\AppData\Roaming\Luos\libraries\org\scala-lang\plugins\scala-continuations-library_2.11\1.0.2\scala-continuations-library_2.11-1.0.2.jar
   classpathEntry=C:\Users\psyoo\AppData\Roaming\Luos\libraries\org\scala-lang\plugins\scala-continuations-plugin_2.11.1\1.0.2\scala-continuations-plugin_2.11.1-1.0.2.jar
   classpathEntry=C:\Users\psyoo\AppData\Roaming\Luos\libraries\org\scala-lang\scala-library\2.11.1\scala-library-2.11.1.jar
   classpathEntry=C:\Users\psyoo\AppData\Roaming\Luos\libraries\org\scala-lang\scala-parser-combinators_2.11\1.0.1\scala-parser-combinators_2.11-1.0.1.jar
   classpathEntry=C:\Users\psyoo\AppData\Roaming\Luos\libraries\org\scala-lang\scala-reflect\2.11.1\scala-reflect-2.11.1.jar
   classpathEntry=C:\Users\psyoo\AppData\Roaming\Luos\libraries\org\scala-lang\scala-swing_2.11\1.0.1\scala-swing_2.11-1.0.1.jar
   classpathEntry=C:\Users\psyoo\AppData\Roaming\Luos\libraries\org\scala-lang\scala-xml_2.11\1.0.2\scala-xml_2.11-1.0.2.jar
   classpathEntry=C:\Users\psyoo\AppData\Roaming\Luos\libraries\lzma\lzma\0.0.1\lzma-0.0.1.jar
   classpathEntry=C:\Users\psyoo\AppData\Roaming\Luos\libraries\net\sf\jopt-simple\jopt-simple\4.5\jopt-simple-4.5.jar
   classpathEntry=C:\Users\psyoo\AppData\Roaming\Luos\libraries\com\google\guava\guava\17.0\guava-17.0.jar
   classpathEntry=C:\Users\psyoo\AppData\Roaming\Luos\libraries\org\apache\commons\commons-lang3\3.3.2\commons-lang3-3.3.2.jar
   classpathEntry=C:\Users\psyoo\AppData\Roaming\Luos\libraries\com\mojang\netty\1.6\netty-1.6.jar
   classpathEntry=C:\Users\psyoo\AppData\Roaming\Luos\libraries\com\mojang\realms\1.3.5\realms-1.3.5.jar
   classpathEntry=C:\Users\psyoo\AppData\Roaming\Luos\libraries\org\apache\commons\commons-compress\1.8.1\commons-compress-1.8.1.jar
   classpathEntry=C:\Users\psyoo\AppData\Roaming\Luos\libraries\org\apache\httpcomponents\httpclient\4.3.3\httpclient-4.3.3.jar
   classpathEntry=C:\Users\psyoo\AppData\Roaming\Luos\libraries\commons-logging\commons-logging\1.1.3\commons-logging-1.1.3.jar
   classpathEntry=C:\Users\psyoo\AppData\Roaming\Luos\libraries\org\apache\httpcomponents\httpcore\4.3.2\httpcore-4.3.2.jar
   classpathEntry=C:\Users\psyoo\AppData\Roaming\Luos\libraries\java3d\vecmath\1.3.1\vecmath-1.3.1.jar
   classpathEntry=C:\Users\psyoo\AppData\Roaming\Luos\libraries\net\sf\trove4j\trove4j\3.0.3\trove4j-3.0.3.jar
   classpathEntry=C:\Users\psyoo\AppData\Roaming\Luos\libraries\com\ibm\icu\icu4j-core-mojang\51.2\icu4j-core-mojang-51.2.jar
   classpathEntry=C:\Users\psyoo\AppData\Roaming\Luos\libraries\net\sf\jopt-simple\jopt-simple\4.5\jopt-simple-4.5.jar
   classpathEntry=C:\Users\psyoo\AppData\Roaming\Luos\libraries\com\paulscode\codecjorbis\20101023\codecjorbis-20101023.jar
   classpathEntry=C:\Users\psyoo\AppData\Roaming\Luos\libraries\com\paulscode\codecwav\20101023\codecwav-20101023.jar
   classpathEntry=C:\Users\psyoo\AppData\Roaming\Luos\libraries\com\paulscode\libraryjavasound\20101123\libraryjavasound-20101123.jar
   classpathEntry=C:\Users\psyoo\AppData\Roaming\Luos\libraries\com\paulscode\librarylwjglopenal\20100824\librarylwjglopenal-20100824.jar
   classpathEntry=C:\Users\psyoo\AppData\Roaming\Luos\libraries\com\paulscode\soundsystem\20120107\soundsystem-20120107.jar
   classpathEntry=C:\Users\psyoo\AppData\Roaming\Luos\libraries\io\netty\netty-all\4.0.10.Final\netty-all-4.0.10.Final.jar
   classpathEntry=C:\Users\psyoo\AppData\Roaming\Luos\libraries\com\google\guava\guava\15.0\guava-15.0.jar
   classpathEntry=C:\Users\psyoo\AppData\Roaming\Luos\libraries\org\apache\commons\commons-lang3\3.1\commons-lang3-3.1.jar
   classpathEntry=C:\Users\psyoo\AppData\Roaming\Luos\libraries\commons-io\commons-io\2.4\commons-io-2.4.jar
   classpathEntry=C:\Users\psyoo\AppData\Roaming\Luos\libraries\commons-codec\commons-codec\1.9\commons-codec-1.9.jar
   classpathEntry=C:\Users\psyoo\AppData\Roaming\Luos\libraries\net\java\jinput\jinput\2.0.5\jinput-2.0.5.jar
   classpathEntry=C:\Users\psyoo\AppData\Roaming\Luos\libraries\net\java\jutils\jutils\1.0.0\jutils-1.0.0.jar
   classpathEntry=C:\Users\psyoo\AppData\Roaming\Luos\libraries\com\google\code\gson\gson\2.2.4\gson-2.2.4.jar
   classpathEntry=C:\Users\psyoo\AppData\Roaming\Luos\libraries\com\mojang\authlib\1.5.21\authlib-1.5.21.jar
   classpathEntry=C:\Users\psyoo\AppData\Roaming\Luos\libraries\org\apache\logging\log4j\log4j-api\2.0-beta9\log4j-api-2.0-beta9.jar
   classpathEntry=C:\Users\psyoo\AppData\Roaming\Luos\libraries\org\apache\logging\log4j\log4j-core\2.0-beta9\log4j-core-2.0-beta9.jar
   classpathEntry=C:\Users\psyoo\AppData\Roaming\Luos\libraries\org\lwjgl\lwjgl\lwjgl\2.9.1\lwjgl-2.9.1.jar
   classpathEntry=C:\Users\psyoo\AppData\Roaming\Luos\libraries\org\lwjgl\lwjgl\lwjgl_util\2.9.1\lwjgl_util-2.9.1.jar
   classpathEntry=C:\Users\psyoo\AppData\Roaming\Luos\libraries\tv\twitch\twitch\5.16\twitch-5.16.jar
   classpathEntry=C:\Users\psyoo\AppData\Roaming\Luos\versions\1.7.10\1.7.10.jar
)
[02:47:55] [main/INFO]: Registering discovery module EnumeratorModuleClassPath: [<Java Class Path>]
[02:47:55] [main/INFO]: Registering discovery module EnumeratorModuleFolder: [C:\Users\psyoo\AppData\Roaming\Luos\mods]
[02:47:55] [main/INFO]: Registering discovery module EnumeratorModuleFolder: [C:\Users\psyoo\AppData\Roaming\Luos\mods\1.7.10]
[02:47:55] [main/INFO]: Adding supported mod class prefix 'LiteMod'
[02:47:55] [main/INFO]: Discovering tweaks on class path...
[02:47:55] [main/INFO]: Discovering valid mod files in folder C:\Users\psyoo\AppData\Roaming\Luos\mods
[02:47:55] [main/INFO]: Discovering valid mod files in folder C:\Users\psyoo\AppData\Roaming\Luos\mods\1.7.10
[02:47:55] [main/INFO]: Searching for tweaks in '1.7.10-MB_Battlegear2-Bullseye-1.0.8.3.jar'
[02:47:55] [main/WARN]: Error parsing manifest entries in 'C:\Users\psyoo\AppData\Roaming\Luos\mods\1.7.10\1.7.10-MB_Battlegear2-Bullseye-1.0.8.3.jar'
[02:47:55] [main/INFO]: Searching for tweaks in 'Armourers-Workshop-1.7.10-0.39.3.jar'
[02:47:55] [main/WARN]: Error parsing manifest entries in 'C:\Users\psyoo\AppData\Roaming\Luos\mods\1.7.10\Armourers-Workshop-1.7.10-0.39.3.jar'
[02:47:55] [main/INFO]: Searching for tweaks in 'b77_1710f.jar'
[02:47:55] [main/WARN]: Error parsing manifest entries in 'C:\Users\psyoo\AppData\Roaming\Luos\mods\1.7.10\b77_1710f.jar'
[02:47:55] [main/INFO]: Searching for tweaks in 'BetterFps-1.0.1.jar'
[02:47:55] [main/INFO]: Searching for tweaks in 'CustomNPCs_1.7.10d(21feb16).jar'
[02:47:55] [main/WARN]: Error parsing manifest entries in 'C:\Users\psyoo\AppData\Roaming\Luos\mods\1.7.10\CustomNPCs_1.7.10d(21feb16).jar'
[02:47:55] [main/INFO]: Searching for tweaks in 'fastcraft-1.23.jar'
[02:47:55] [main/INFO]: Searching for tweaks in 'GlibysVC-1.7.10-0.6.2a.jar'
[02:47:55] [main/WARN]: Error parsing manifest entries in 'C:\Users\psyoo\AppData\Roaming\Luos\mods\1.7.10\GlibysVC-1.7.10-0.6.2a.jar'
[02:47:55] [main/INFO]: Searching for tweaks in 'Goki-Stats-Mod.jar'
[02:47:55] [main/WARN]: Error parsing manifest entries in 'C:\Users\psyoo\AppData\Roaming\Luos\mods\1.7.10\Goki-Stats-Mod.jar'
[02:47:55] [main/INFO]: Searching for tweaks in 'iChunUtil-4.2.2.jar'
[02:47:55] [main/WARN]: Error parsing manifest entries in 'C:\Users\psyoo\AppData\Roaming\Luos\mods\1.7.10\iChunUtil-4.2.2.jar'
[02:47:55] [main/INFO]: Searching for tweaks in 'journeymap-1.7.10-5.1.4p1-unlimited.jar'
[02:47:55] [main/WARN]: Error parsing manifest entries in 'C:\Users\psyoo\AppData\Roaming\Luos\mods\1.7.10\journeymap-1.7.10-5.1.4p1-unlimited.jar'
[02:47:55] [main/INFO]: Searching for tweaks in 'MoBends-0.20.1 for MC 1.7.10.jar'
[02:47:55] [main/WARN]: Error parsing manifest entries in 'C:\Users\psyoo\AppData\Roaming\Luos\mods\1.7.10\MoBends-0.20.1 for MC 1.7.10.jar'
[02:47:55] [main/INFO]: Searching for tweaks in 'MumbleLink-1.7.10-4.1.1-2b3035b.jar'
[02:47:55] [main/WARN]: Error parsing manifest entries in 'C:\Users\psyoo\AppData\Roaming\Luos\mods\1.7.10\MumbleLink-1.7.10-4.1.1-2b3035b.jar'
[02:47:55] [main/INFO]: Searching for tweaks in 'OptiFine_1.7.10_HD_U_D4.jar'
[02:47:55] [main/INFO]: Searching for tweaks in 'ShadersModCore-v2.3.31-mc1.7.10-f.jar'
[02:47:55] [main/INFO]: Searching for tweaks in 'Shatter-4.0.0.jar'
[02:47:55] [main/WARN]: Error parsing manifest entries in 'C:\Users\psyoo\AppData\Roaming\Luos\mods\1.7.10\Shatter-4.0.0.jar'
[02:47:55] [main/INFO]: Mod file 'BetterFps-1.0.1.jar' provides tweakClass 'me.guichaguri.betterfps.tweaker.BetterFpsTweaker', adding to Launch queue with priority 600
[02:47:55] [main/INFO]: Mod file 'fastcraft-1.23.jar' provides tweakClass 'fastcraft.Tweaker', adding to Launch queue with priority 2147483647
[02:47:55] [main/INFO]: tweakClass 'fastcraft.Tweaker' was successfully added
[02:47:55] [main/INFO]: ClassPathUtilities: attempting to inject file:/C:/Users/psyoo/AppData/Roaming/Luos/mods/1.7.10/fastcraft-1.23.jar into LaunchClassLoader
[02:47:55] [main/INFO]: Mod file 'OptiFine_1.7.10_HD_U_D4.jar' provides tweakClass 'optifine.OptiFineForgeTweaker', adding to Launch queue with priority -1000
[02:47:55] [main/INFO]: tweakClass 'optifine.OptiFineForgeTweaker' was successfully added
[02:47:55] [main/INFO]: ClassPathUtilities: attempting to inject file:/C:/Users/psyoo/AppData/Roaming/Luos/mods/1.7.10/OptiFine_1.7.10_HD_U_D4.jar into LaunchClassLoader
[02:47:55] [main/INFO]: Mod file 'ShadersModCore-v2.3.31-mc1.7.10-f.jar' provides tweakClass 'shadersmodcore.loading.SMCTweaker', adding to Launch queue with priority 1100
[02:47:55] [main/INFO]: tweakClass 'shadersmodcore.loading.SMCTweaker' was successfully added
[02:47:55] [main/INFO]: ClassPathUtilities: attempting to inject file:/C:/Users/psyoo/AppData/Roaming/Luos/mods/1.7.10/ShadersModCore-v2.3.31-mc1.7.10-f.jar into LaunchClassLoader
[02:47:55] [main/INFO]: LiteLoader PREINIT complete
[02:47:55] [main/INFO]: Injecting cascaded tweakers...
[02:47:55] [main/INFO]: Injecting tweak class shadersmodcore.loading.SMCTweaker with priority 1100
[02:47:55] [main/INFO]: Injecting tweak class fastcraft.Tweaker with priority 2147483647
[02:47:55] [main/INFO]: Injecting tweak class optifine.OptiFineForgeTweaker with priority -1000
[02:47:55] [main/INFO]: Sorting registered packet transformers by priority
[02:47:55] [main/INFO]: Added 0 packet transformer classes to the transformer list
[02:47:55] [main/INFO]: Injecting required class transformer 'com.mumfrey.liteloader.transformers.event.EventProxyTransformer'
[02:47:55] [main/INFO]: Injecting required class transformer 'com.mumfrey.liteloader.launch.LiteLoaderTransformer'
[02:47:55] [main/INFO]: Injecting required class transformer 'com.mumfrey.liteloader.client.transformers.CrashReportTransformer'
[02:47:55] [main/INFO]: Queuing required class transformer 'com.mumfrey.liteloader.common.transformers.LiteLoaderPacketTransformer'
[02:47:55] [main/INFO]: Queuing required class transformer 'com.mumfrey.liteloader.client.transformers.LiteLoaderEventInjectionTransformer'
[02:47:55] [main/INFO]: Queuing required class transformer 'com.mumfrey.liteloader.client.transformers.MinecraftOverlayTransformer'
[02:47:55] [main/INFO]: Calling tweak class cpw.mods.fml.common.launcher.FMLTweaker
[02:47:55] [main/INFO]: Forge Mod Loader version 7.99.40.1614 for Minecraft 1.7.10 loading
[02:47:55] [main/INFO]: Java is Java HotSpot(TM) 64-Bit Server VM, version 1.8.0_25, running on Windows 10:amd64:10.0, installed at C:\Users\psyoo\AppData\Roaming\LuosOnline\java
[02:47:55] [main/WARN]: The coremod mods.battlegear2.coremod.BattlegearLoadingPlugin does not have a MCVersion annotation, it may cause issues with this version of Minecraft
[02:47:55] [main/WARN]: The coremod kp.forge.LoadingPlugin does not have a MCVersion annotation, it may cause issues with this version of Minecraft
[02:47:55] [main/INFO]: Loading tweaker me.guichaguri.betterfps.tweaker.BetterFpsTweaker from BetterFps-1.0.1.jar
[02:47:55] [main/INFO]: Loading tweaker fastcraft.Tweaker from fastcraft-1.23.jar
[02:47:55] [main/INFO]: Loading tweaker optifine.OptiFineForgeTweaker from OptiFine_1.7.10_HD_U_D4.jar
[02:47:55] [main/INFO]: Loading tweaker shadersmodcore.loading.SMCTweaker from ShadersModCore-v2.3.31-mc1.7.10-f.jar
[02:47:55] [main/INFO]: Calling tweak class me.guichaguri.betterfps.tweaker.BetterFpsTweaker
[02:47:55] [main/INFO]: Loading tweak class name shadersmodcore.loading.SMCTweaker
[02:47:55] [main/INFO]: Loading tweak class name fastcraft.Tweaker
[02:47:55] [main/INFO]: Loading tweak class name optifine.OptiFineForgeTweaker
[02:47:55] [main/INFO]: Loading tweak class name cpw.mods.fml.common.launcher.FMLInjectionAndSortingTweaker
[02:47:55] [main/WARN]: Tweak class name me.guichaguri.betterfps.tweaker.BetterFpsTweaker has already been visited -- skipping
[02:47:55] [main/WARN]: Tweak class name fastcraft.Tweaker has already been visited -- skipping
[02:47:55] [main/WARN]: Tweak class name optifine.OptiFineForgeTweaker has already been visited -- skipping
[02:47:55] [main/WARN]: Tweak class name shadersmodcore.loading.SMCTweaker has already been visited -- skipping
[02:47:55] [main/INFO]: Loading tweak class name cpw.mods.fml.common.launcher.FMLDeobfTweaker
[02:47:55] [main/INFO]: Calling tweak class cpw.mods.fml.common.launcher.FMLInjectionAndSortingTweaker
[02:47:55] [main/INFO]: Calling tweak class cpw.mods.fml.common.launcher.FMLInjectionAndSortingTweaker
[02:47:55] [main/INFO]: Calling tweak class optifine.OptiFineForgeTweaker
[02:47:55] [main/INFO]: [optifine.OptiFineForgeTweaker:dbg:49]: OptiFineForgeTweaker: acceptOptions
[02:47:55] [main/INFO]: [optifine.OptiFineForgeTweaker:dbg:49]: OptiFineForgeTweaker: injectIntoClassLoader
[02:47:55] [main/INFO]: [optifine.OptiFineClassTransformer:dbg:275]: OptiFine ClassTransformer
[02:47:55] [main/INFO]: [optifine.OptiFineClassTransformer:dbg:275]: OptiFine URL: file:/C:/Users/psyoo/AppData/Roaming/Luos/mods/1.7.10/OptiFine_1.7.10_HD_U_D4.jar
[02:47:55] [main/INFO]: [optifine.OptiFineClassTransformer:dbg:275]: OptiFine ZIP file: C:\Users\psyoo\AppData\Roaming\Luos\mods\1.7.10\OptiFine_1.7.10_HD_U_D4.jar
[02:47:55] [main/INFO]: [optifine.OptiFineClassTransformer:dbg:275]: OptiFine Version: OptiFine_1.7.10_HD_U_D4
[02:47:55] [main/INFO]: [optifine.OptiFineClassTransformer:dbg:275]: Minecraft Version: 1.7.10
[02:47:55] [main/INFO]: Calling tweak class cpw.mods.fml.relauncher.CoreModManager$FMLPluginWrapper
[02:47:57] [main/INFO]: Found valid fingerprint for Minecraft Forge. Certificate fingerprint e3c3d50c7c986df74c645c0ac54639741c90a557
[02:47:57] [main/INFO]: Found valid fingerprint for Minecraft. Certificate fingerprint cd99959656f753dc28d863b46769f7f8fbaefcfc
[02:47:57] [main/INFO]: Calling tweak class cpw.mods.fml.relauncher.CoreModManager$FMLPluginWrapper
[02:47:57] [main/INFO]: Calling tweak class cpw.mods.fml.relauncher.CoreModManager$FMLPluginWrapper
[02:47:57] [main/INFO]: Calling tweak class cpw.mods.fml.common.launcher.FMLDeobfTweaker
[02:47:58] [main/INFO]: Calling tweak class shadersmodcore.loading.SMCTweaker
[02:47:58] [main/INFO]: Calling tweak class cpw.mods.fml.relauncher.CoreModManager$FMLPluginWrapper
[02:47:58] [main/INFO]: Calling tweak class fastcraft.Tweaker
[02:47:58] [main/INFO]: FastCraft loaded.
[02:47:58] [main/INFO]: Loading tweak class name cpw.mods.fml.common.launcher.TerminalTweaker
[02:47:58] [main/INFO]: Calling tweak class cpw.mods.fml.common.launcher.TerminalTweaker
[02:47:58] [main/INFO]: [optifine.OptiFineForgeTweaker:dbg:49]: OptiFineForgeTweaker: getLaunchArguments
[02:47:58] [main/INFO]: Injecting downstream transformers
[02:47:58] [main/INFO]: Injecting additional class transformer class 'com.mumfrey.liteloader.client.transformers.LiteLoaderEventInjectionTransformer'
[02:47:58] [main/INFO]: Injecting additional class transformer class 'com.mumfrey.liteloader.client.transformers.MinecraftOverlayTransformer'
[02:47:58] [main/INFO]: Injecting additional class transformer class 'com.mumfrey.liteloader.common.transformers.LiteLoaderPacketTransformer'
[02:47:58] [main/INFO]: Launching wrapped minecraft {net.minecraft.client.main.Main}
[02:47:58] [main/INFO]: Patching Game Start...
[02:47:59] [main/INFO]: M&B - Patching Class Minecraft (bao)
[02:47:59] [main/INFO]: 	Patching method Click Mouse in Minecraft
[02:47:59] [main/INFO]: M&B - Patching Class Minecraft done
[02:47:59] [main/INFO]: Injecting onstartupcomplete[x1] in func_71384_a in Minecraft
[02:47:59] [main/INFO]: Injecting prerenderfbo[x1] in func_71411_J in Minecraft
[02:47:59] [main/INFO]: Injecting postrenderfbo[x1] in func_71411_J in Minecraft
[02:47:59] [main/INFO]: Injecting ontimerupdate[x1] in func_71411_J in Minecraft
[02:47:59] [main/INFO]: Injecting onrender[x1] in func_71411_J in Minecraft
[02:47:59] [main/INFO]: Injecting ontick[x1] in func_71411_J in Minecraft
[02:47:59] [main/INFO]: Injecting updateframebuffersize[x1] in func_147119_ah in Minecraft
[02:47:59] [main/INFO]: Injecting newtick[x1] in func_71407_l in Minecraft
[02:47:59] [main/INFO]: Applying overlay com.mumfrey.liteloader.client.overlays.MinecraftOverlay to net.minecraft.client.Minecraft
[02:47:59] [main/INFO]: MinecraftOverlayTransformer found INIT injection point, this is good.
[02:47:59] [main/INFO]: Injecting onrenderchat[x1] in func_73830_a in GuiIngame
[02:47:59] [main/INFO]: Injecting postrenderchat[x1] in func_73830_a in GuiIngame
[02:47:59] [main/INFO]: M&B - Patching Class EntityPlayer (yz)
[02:47:59] [main/INFO]: 	Adding new fields to EntityPlayer
[02:47:59] [main/INFO]: 	Patching constructor in EntityPlayer
[02:47:59] [main/INFO]: 	Patching method onUpdate in EntityPlayer
[02:47:59] [main/INFO]: 	Patching method onItemUseFinish in EntityPlayer
[02:47:59] [main/INFO]: 	Patching method interactWith in EntityPlayer
[02:47:59] [main/INFO]: 	Patching method setCurrentItemOrArmor in EntityPlayer
[02:47:59] [main/INFO]: 	Creating new methods in EntityPlayer
[02:47:59] [main/INFO]: M&B - Patching Class EntityPlayer done
[02:47:59] [main/INFO]: Injecting onoutboundchat[x1] in func_71165_d in EntityClientPlayerMP
[02:47:59] [main/INFO]: Injecting onc16packetclientstatus[x1] in func_148833_a in C16PacketClientStatus
[02:47:59] [main/INFO]: Injecting onc00handshake[x1] in func_148833_a in C00Handshake
[02:47:59] [main/INFO]: Injecting onc00packetloginstart[x1] in func_148833_a in C00PacketLoginStart
[02:47:59] [main/ERROR]: Unable to launch
java.lang.reflect.InvocationTargetException
	at sun.reflect.NativeMethodAccessorImpl.invoke0(Native Method) ~[?:1.8.0_25]
	at sun.reflect.NativeMethodAccessorImpl.invoke(NativeMethodAccessorImpl.java:62) ~[?:1.8.0_25]
	at sun.reflect.DelegatingMethodAccessorImpl.invoke(DelegatingMethodAccessorImpl.java:43) ~[?:1.8.0_25]
	at java.lang.reflect.Method.invoke(Method.java:483) ~[?:1.8.0_25]
	at net.minecraft.launchwrapper.Launch.launch(Launch.java:135) [launchwrapper-1.11.jar:?]
	at net.minecraft.launchwrapper.Launch.main(Launch.java:28) [launchwrapper-1.11.jar:?]
Caused by: java.lang.UnsatisfiedLinkError: no lwjgl in java.library.path
	at java.lang.ClassLoader.loadLibrary(ClassLoader.java:1857) ~[?:1.8.0_25]
	at java.lang.Runtime.loadLibrary0(Runtime.java:870) ~[?:1.8.0_25]
	at java.lang.System.loadLibrary(System.java:1119) ~[?:1.8.0_25]
	at org.lwjgl.Sys$1.run(Sys.java:73) ~[lwjgl-2.9.1.jar:?]
	at java.security.AccessController.doPrivileged(Native Method) ~[?:1.8.0_25]
	at org.lwjgl.Sys.doLoadLibrary(Sys.java:66) ~[lwjgl-2.9.1.jar:?]
	at org.lwjgl.Sys.loadLibrary(Sys.java:95) ~[lwjgl-2.9.1.jar:?]
	at org.lwjgl.Sys.<clinit>(Sys.java:112) ~[lwjgl-2.9.1.jar:?]
	at net.minecraft.client.Minecraft.func_71386_F(Minecraft.java:2671) ~[bao.class:?]
	at net.minecraft.client.main.Main.main(SourceFile:72) ~[Main.class:?]
	... 6 more
